./test/azzz_221224 - 22 Dec 2024 00:34:18 - Create directory
./test/azzz_221224/aaaz_221224.az - 22 Dec 2024 00:34:18 - 3KB - Create file
./test/azzz_221224/aaazz_221224.az - 22 Dec 2024 00:34:18 - 3KB - Create file
./test/azzz_221224/aaazzz_221224.az - 22 Dec 2024 00:34:18 - 3KB - Create file
./test/azzz_221224/aaazzzz_221224.az - 22 Dec 2024 00:34:18 - 3KB - Create file
./test/azzz_221224/aaazzzzz_221224.az - 22 Dec 2024 00:34:18 - 3KB - Create file
./test/azzzz_221224 - 22 Dec 2024 00:34:18 - Create directory
./test/azzzz_221224/aaaz_221224.az - 22 Dec 2024 00:34:18 - 3KB - Create file
./test/azzzz_221224/aaazz_221224.az - 22 Dec 2024 00:34:18 - 3KB - Create file
./test/azzzz_221224/aaazzz_221224.az - 22 Dec 2024 00:34:18 - 3KB - Create file
./test/azzzz_221224/aaazzzz_221224.az - 22 Dec 2024 00:34:18 - 3KB - Create file
./test/azzzz_221224/aaazzzzz_221224.az - 22 Dec 2024 00:34:18 - 3KB - Create file
./test/azzzzz_221224 - 22 Dec 2024 00:34:18 - Create directory
./test/azzzzz_221224/aaaz_221224.az - 22 Dec 2024 00:34:18 - 3KB - Create file
./test/azzzzz_221224/aaazz_221224.az - 22 Dec 2024 00:34:18 - 3KB - Create file
./test/azzzzz_221224/aaazzz_221224.az - 22 Dec 2024 00:34:19 - 3KB - Create file
./test/azzzzz_221224/aaazzzz_221224.az - 22 Dec 2024 00:34:19 - 3KB - Create file
./test/azzzzz_221224/aaazzzzz_221224.az - 22 Dec 2024 00:34:19 - 3KB - Create file
./test/azzzzzz_221224 - 22 Dec 2024 00:34:19 - Create directory
./test/azzzzzz_221224/aaaz_221224.az - 22 Dec 2024 00:34:19 - 3KB - Create file
./test/azzzzzz_221224/aaazz_221224.az - 22 Dec 2024 00:34:19 - 3KB - Create file
./test/azzzzzz_221224/aaazzz_221224.az - 22 Dec 2024 00:34:19 - 3KB - Create file
./test/azzzzzz_221224/aaazzzz_221224.az - 22 Dec 2024 00:34:19 - 3KB - Create file
./test/azzzzzz_221224/aaazzzzz_221224.az - 22 Dec 2024 00:34:19 - 3KB - Create file
./test/azzz_221224 - 22 Dec 2024 01:11:01 - Create directory
./test/azzz_221224/aaaz_221224.az - 22 Dec 2024 01:11:01 - 3KB - Create file
./test/azzz_221224/aaazz_221224.az - 22 Dec 2024 01:11:01 - 3KB - Create file
./test/azzz_221224/aaazzz_221224.az - 22 Dec 2024 01:11:01 - 3KB - Create file
./test/azzz_221224/aaazzzz_221224.az - 22 Dec 2024 01:11:01 - 3KB - Create file
./test/azzz_221224/aaazzzzz_221224.az - 22 Dec 2024 01:11:01 - 3KB - Create file
./test/azzzz_221224 - 22 Dec 2024 01:11:01 - Create directory
./test/azzzz_221224/aaaz_221224.az - 22 Dec 2024 01:11:01 - 3KB - Create file
./test/azzzz_221224/aaazz_221224.az - 22 Dec 2024 01:11:01 - 3KB - Create file
./test/azzzz_221224/aaazzz_221224.az - 22 Dec 2024 01:11:01 - 3KB - Create file
./test/azzzz_221224/aaazzzz_221224.az - 22 Dec 2024 01:11:01 - 3KB - Create file
./test/azzzz_221224/aaazzzzz_221224.az - 22 Dec 2024 01:11:01 - 3KB - Create file
./test/azzzzz_221224 - 22 Dec 2024 01:11:01 - Create directory
./test/azzzzz_221224/aaaz_221224.az - 22 Dec 2024 01:11:01 - 3KB - Create file
./test/azzzzz_221224/aaazz_221224.az - 22 Dec 2024 01:11:01 - 3KB - Create file
./test/azzzzz_221224/aaazzz_221224.az - 22 Dec 2024 01:11:01 - 3KB - Create file
./test/azzzzz_221224/aaazzzz_221224.az - 22 Dec 2024 01:11:01 - 3KB - Create file
./test/azzzzz_221224/aaazzzzz_221224.az - 22 Dec 2024 01:11:01 - 3KB - Create file
./test/azzzzzz_221224 - 22 Dec 2024 01:11:01 - Create directory
./test/azzzzzz_221224/aaaz_221224.az - 22 Dec 2024 01:11:01 - 3KB - Create file
./test/azzzzzz_221224/aaazz_221224.az - 22 Dec 2024 01:11:01 - 3KB - Create file
./test/azzzzzz_221224/aaazzz_221224.az - 22 Dec 2024 01:11:01 - 3KB - Create file
./test/azzzzzz_221224/aaazzzz_221224.az - 22 Dec 2024 01:11:01 - 3KB - Create file
./test/azzzzzz_221224/aaazzzzz_221224.az - 22 Dec 2024 01:11:01 - 3KB - Create file
./test/azzz_221224 - 22 Dec 2024 12:04:52 - Create directory
./test/azzz_221224/aaaz_221224.az - 22 Dec 2024 12:04:52 - 3KB - Create file
./test/azzz_221224/aaazz_221224.az - 22 Dec 2024 12:04:52 - 3KB - Create file
./test/azzz_221224/aaazzz_221224.az - 22 Dec 2024 12:04:52 - 3KB - Create file
./test/azzz_221224/aaazzzz_221224.az - 22 Dec 2024 12:04:52 - 3KB - Create file
./test/azzz_221224/aaazzzzz_221224.az - 22 Dec 2024 12:04:52 - 3KB - Create file
./test/azzzz_221224 - 22 Dec 2024 12:04:52 - Create directory
./test/azzzz_221224/aaaz_221224.az - 22 Dec 2024 12:04:52 - 3KB - Create file
./test/azzzz_221224/aaazz_221224.az - 22 Dec 2024 12:04:52 - 3KB - Create file
./test/azzzz_221224/aaazzz_221224.az - 22 Dec 2024 12:04:52 - 3KB - Create file
./test/azzzz_221224/aaazzzz_221224.az - 22 Dec 2024 12:04:52 - 3KB - Create file
./test/azzzz_221224/aaazzzzz_221224.az - 22 Dec 2024 12:04:52 - 3KB - Create file
./test/azzzzz_221224 - 22 Dec 2024 12:04:52 - Create directory
./test/azzzzz_221224/aaaz_221224.az - 22 Dec 2024 12:04:52 - 3KB - Create file
./test/azzzzz_221224/aaazz_221224.az - 22 Dec 2024 12:04:52 - 3KB - Create file
./test/azzzzz_221224/aaazzz_221224.az - 22 Dec 2024 12:04:52 - 3KB - Create file
./test/azzzzz_221224/aaazzzz_221224.az - 22 Dec 2024 12:04:52 - 3KB - Create file
./test/azzzzz_221224/aaazzzzz_221224.az - 22 Dec 2024 12:04:52 - 3KB - Create file
./test/azzzzzz_221224 - 22 Dec 2024 12:04:52 - Create directory
./test/azzzzzz_221224/aaaz_221224.az - 22 Dec 2024 12:04:52 - 3KB - Create file
./test/azzzzzz_221224/aaazz_221224.az - 22 Dec 2024 12:04:52 - 3KB - Create file
./test/azzzzzz_221224/aaazzz_221224.az - 22 Dec 2024 12:04:52 - 3KB - Create file
./test/azzzzzz_221224/aaazzzz_221224.az - 22 Dec 2024 12:04:52 - 3KB - Create file
./test/azzzzzz_221224/aaazzzzz_221224.az - 22 Dec 2024 12:04:52 - 3KB - Create file
